#
# There is insufficient memory for the Java Runtime Environment to continue.
# Native memory allocation (malloc) failed to allocate 1048576 bytes for AllocateHeap
# Possible reasons:
#   The system is out of physical RAM or swap space
#   In 32 bit mode, the process size limit was hit
# Possible solutions:
#   Reduce memory load on the system
#   Increase physical memory or swap space
#   Check if swap backing store is full
#   Use 64 bit Java on a 64 bit OS
#   Decrease Java heap size (-Xmx/-Xms)
#   Decrease number of Java threads
#   Decrease Java thread stack sizes (-Xss)
#   Set larger code cache with -XX:ReservedCodeCacheSize=
# This output file may be truncated or incomplete.
#
#  Out of Memory Error (memory/allocation.inline.hpp:61), pid=8928, tid=0x0000000000003220
#
# JRE version:  (8.0_111-b14) (build )
# Java VM: Java HotSpot(TM) 64-Bit Server VM (25.111-b14 mixed mode windows-amd64 compressed oops)
# Failed to write core dump. Minidumps are not enabled by default on client versions of Windows
#

---------------  T H R E A D  ---------------

Current thread (0x00000000024e1000):  JavaThread "Unknown thread" [_thread_in_vm, id=12832, stack(0x0000000002380000,0x0000000002480000)]

Stack: [0x0000000002380000,0x0000000002480000]
[error occurred during error reporting (printing stack bounds), id 0xc0000005]

Native frames: (J=compiled Java code, j=interpreted, Vv=VM code, C=native code)


---------------  P R O C E S S  ---------------

Java Threads: ( => current thread )

Other Threads:

=>0x00000000024e1000 (exited) JavaThread "Unknown thread" [_thread_in_vm, id=12832, stack(0x0000000002380000,0x0000000002480000)]

VM state:not at safepoint (normal execution)

VM Mutex/Monitor currently owned by a thread: None

Heap:
 PSYoungGen      total 37888K, used 655K [0x00000000d6500000, 0x00000000d8f00000, 0x0000000100000000)
  eden space 32768K, 2% used [0x00000000d6500000,0x00000000d65a3d80,0x00000000d8500000)
  from space 5120K, 0% used [0x00000000d8a00000,0x00000000d8a00000,0x00000000d8f00000)
  to   space 5120K, 0% used [0x00000000d8500000,0x00000000d8500000,0x00000000d8a00000)
 ParOldGen       total 86016K, used 0K [0x0000000082e00000, 0x0000000088200000, 0x00000000d6500000)
  object space 86016K, 0% used [0x0000000082e00000,0x0000000082e00000,0x0000000088200000)
 Metaspace       used 770K, capacity 4480K, committed 4480K, reserved 1056768K
  class space    used 75K, capacity 384K, committed 384K, reserved 1048576K

Card table byte_map: [0x00000000119a0000,0x0000000011d90000] byte_map_base: 0x0000000011589000

Marking Bits: (ParMarkBitMap*) 0x000000006178a6c0
 Begin Bits: [0x0000000012830000, 0x0000000014778000)
 End Bits:   [0x0000000014778000, 0x00000000166c0000)

Polling page: 0x0000000000b00000

CodeCache: size=245760Kb used=328Kb max_used=328Kb free=245431Kb
 bounds [0x00000000025e0000, 0x0000000002850000, 0x00000000115e0000]
 total_blobs=58 nmethods=0 adapters=38
 compilation: enabled

Compilation events (0 events):
No events

GC Heap History (0 events):
No events

Deoptimization events (0 events):
No events

Internal exceptions (0 events):
No events

Events (10 events):
Event: 0.020 loading class java/lang/Short
Event: 0.020 loading class java/lang/Short done
Event: 0.020 loading class java/lang/Integer
Event: 0.020 loading class java/lang/Integer done
Event: 0.020 loading class java/lang/Long
Event: 0.020 loading class java/lang/Long done
Event: 0.021 loading class java/lang/NullPointerException
Event: 0.021 loading class java/lang/NullPointerException done
Event: 0.021 loading class java/lang/ArithmeticException
Event: 0.021 loading class java/lang/ArithmeticException done


Dynamic libraries:
0x00007ff65e2c0000 - 0x00007ff65e2f7000 	C:\Program Files\Java\jdk1.8.0_111\bin\java.exe
0x00007ff9ef690000 - 0x00007ff9ef885000 	C:\WINDOWS\SYSTEM32\ntdll.dll
0x00007ff9ee200000 - 0x00007ff9ee2be000 	C:\WINDOWS\System32\KERNEL32.DLL
0x00007ff9ed410000 - 0x00007ff9ed6d8000 	C:\WINDOWS\System32\KERNELBASE.dll
0x00007ff9eeb00000 - 0x00007ff9eebae000 	C:\WINDOWS\System32\ADVAPI32.dll
0x00007ff9eebb0000 - 0x00007ff9eec4e000 	C:\WINDOWS\System32\msvcrt.dll
0x00007ff9eee30000 - 0x00007ff9eeecc000 	C:\WINDOWS\System32\sechost.dll
0x00007ff9ed950000 - 0x00007ff9eda75000 	C:\WINDOWS\System32\RPCRT4.dll
0x00007ff9ed6e0000 - 0x00007ff9ed880000 	C:\WINDOWS\System32\USER32.dll
0x00007ff9ecda0000 - 0x00007ff9ecdc2000 	C:\WINDOWS\System32\win32u.dll
0x00007ff9eee00000 - 0x00007ff9eee2b000 	C:\WINDOWS\System32\GDI32.dll
0x00007ff9ecf70000 - 0x00007ff9ed07d000 	C:\WINDOWS\System32\gdi32full.dll
0x00007ff9ecdd0000 - 0x00007ff9ece6d000 	C:\WINDOWS\System32\msvcp_win.dll
0x00007ff9ed260000 - 0x00007ff9ed360000 	C:\WINDOWS\System32\ucrtbase.dll
0x00007ff9d3370000 - 0x00007ff9d360a000 	C:\WINDOWS\WinSxS\amd64_microsoft.windows.common-controls_6595b64144ccf1df_6.0.19041.1110_none_60b5254171f9507e\COMCTL32.dll
0x00007ff9eeed0000 - 0x00007ff9eef00000 	C:\WINDOWS\System32\IMM32.DLL
0x0000000060e90000 - 0x0000000060f62000 	C:\Program Files\Java\jdk1.8.0_111\jre\bin\msvcr100.dll
0x0000000060f70000 - 0x000000006180a000 	C:\Program Files\Java\jdk1.8.0_111\jre\bin\server\jvm.dll
0x00007ff9edd60000 - 0x00007ff9edd68000 	C:\WINDOWS\System32\PSAPI.DLL
0x00007ff9e6c80000 - 0x00007ff9e6c89000 	C:\WINDOWS\SYSTEM32\WSOCK32.dll
0x00007ff9cb9d0000 - 0x00007ff9cb9f7000 	C:\WINDOWS\SYSTEM32\WINMM.dll
0x00007ff9e1d50000 - 0x00007ff9e1d5a000 	C:\WINDOWS\SYSTEM32\VERSION.dll
0x00007ff9ee0e0000 - 0x00007ff9ee14b000 	C:\WINDOWS\System32\WS2_32.dll
0x0000000060e40000 - 0x0000000060e4f000 	C:\Program Files\Java\jdk1.8.0_111\jre\bin\verify.dll
0x0000000060e10000 - 0x0000000060e39000 	C:\Program Files\Java\jdk1.8.0_111\jre\bin\java.dll
0x0000000060df0000 - 0x0000000060e06000 	C:\Program Files\Java\jdk1.8.0_111\jre\bin\zip.dll

VM Arguments:
jvm_args: -Dfile.encoding=UTF-8 
java_command: newProduct
java_class_path (initial): C:\Program Files\NetBeans 8.2\java\modules\ext\AbsoluteLayout.jar;D:\NetBeans\Billing Management System\rs2xml.jar;C:\Program Files\NetBeans 8.2\ide\modules\ext\mysql-connector-java-5.1.23-bin.jar;D:\NetBeans\Billing Management System\itext.jar;D:\NetBeans\Billing Management System\build\classes
Launcher Type: SUN_STANDARD

Environment Variables:
JAVA_HOME=C:\Program Files\Amazon Corretto\jdk16.0.1_9
PATH=C:\Program Files\Amazon Corretto\jdk16.0.1_9\bin;C:\ProgramData\Oracle\Java\javapath;C:\Program Files\Common Files\Oracle\Java\javapath;C:\Program Files (x86)\Common Files\Oracle\Java\javapath;C:\WINDOWS\system32;C:\WINDOWS;C:\WINDOWS\System32\Wbem;C:\WINDOWS\System32\WindowsPowerShell\v1.0\;:C:\Users\asus\AppData\Roaming\Microsoft\Windows\Start Menu\Programs\Python 3.9;C:\WINDOWS\System32\OpenSSH\;C:\Program Files\Java\jdk-16.0.1\bin;C:\Program Files\Microsoft SQL Server\110\Tools\Binn\;C:\Program Files (x86)\Microsoft SQL Server\100\Tools\Binn\;C:\Program Files\Microsoft SQL Server\100\Tools\Binn\;C:\Program Files\Microsoft SQL Server\100\DTS\Binn\;C:\Program Files (x86)\Windows Kits\8.1\Windows Performance Toolkit\;C:\Program Files\MySQL\MySQL Server 5.5\bin;C:\Users\asus\AppData\Local\Microsoft\WindowsApps;C:\Program Files\CodeBlocks\MinGW\bin
USERNAME=asus
OS=Windows_NT
PROCESSOR_IDENTIFIER=Intel64 Family 6 Model 142 Stepping 12, GenuineIntel



---------------  S Y S T E M  ---------------

OS: Windows 10.0 , 64 bit Build 19041 (10.0.19041.1503)

CPU:total 8 (4 cores per cpu, 2 threads per core) family 6 model 142 stepping 12, cmov, cx8, fxsr, mmx, sse, sse2, sse3, ssse3, sse4.1, sse4.2, popcnt, avx, avx2, aes, clmul, erms, 3dnowpref, lzcnt, ht, tsc, tscinvbit, bmi1, bmi2, adx

Memory: 4k page, physical 8193768k(939908k free), swap 21311248k(5120k free)

vm_info: Java HotSpot(TM) 64-Bit Server VM (25.111-b14) for windows-amd64 JRE (1.8.0_111-b14), built on Sep 22 2016 19:24:05 by "java_re" with MS VC++ 10.0 (VS2010)

time: Sat Mar 05 12:24:20 2022
elapsed time: 0 seconds (0d 0h 0m 0s)

